2025-11-20 23:36:02,343 - preprocessing.pipeline - INFO - Logging initialized. Log file: logs\preprocessing_20251120_233602.log
2025-11-20 23:36:02,351 - preprocessing.pipeline - INFO - ======================================================================
2025-11-20 23:36:02,352 - preprocessing.pipeline - INFO - Memulai Pipeline Preprocessing
2025-11-20 23:36:02,352 - preprocessing.pipeline - INFO - ======================================================================
2025-11-20 23:36:02,352 - preprocessing.pipeline - INFO - Input directory: data/raw
2025-11-20 23:36:02,353 - preprocessing.pipeline - INFO - Output directory: data/cleaned_text
2025-11-20 23:36:02,353 - preprocessing.pipeline - INFO - Save metadata: False
2025-11-20 23:36:02,355 - preprocessing.pipeline - INFO - Skip existing: True
2025-11-20 23:36:02,356 - preprocessing.pipeline - INFO - Ditemukan 10 file PDF di data/raw
2025-11-20 23:36:02,357 - preprocessing.pipeline - INFO - 
[1/10] Processing: benchmark-indeks-konstruksi--2016-100---2018---2023.pdf
2025-11-20 23:36:02,357 - preprocessing.pipeline - INFO - Memproses: benchmark-indeks-konstruksi--2016-100---2018---2023.pdf
2025-11-20 23:36:03,661 - preprocessing.pipeline - INFO - ✓ Berhasil disimpan ke: data\cleaned_text\benchmark-indeks-konstruksi--2016-100---2018---2023.txt
2025-11-20 23:36:03,662 - preprocessing.pipeline - INFO -   - Karakter akhir: 229426
2025-11-20 23:36:03,662 - preprocessing.pipeline - INFO - 
[2/10] Processing: benchmark-statistik-konstruksi--2018---2023.pdf
2025-11-20 23:36:03,663 - preprocessing.pipeline - INFO - Memproses: benchmark-statistik-konstruksi--2018---2023.pdf
2025-11-20 23:36:04,635 - preprocessing.pipeline - INFO - ✓ Berhasil disimpan ke: data\cleaned_text\benchmark-statistik-konstruksi--2018---2023.txt
2025-11-20 23:36:04,635 - preprocessing.pipeline - INFO -   - Karakter akhir: 164331
2025-11-20 23:36:04,636 - preprocessing.pipeline - INFO - 
[3/10] Processing: cerita-data-statistik-untuk-indonesia---mismatch-pendidikan---pekerjaan-pemuda-indonesia--implikasi-bagi-bonus-demografi.pdf
2025-11-20 23:36:04,636 - preprocessing.pipeline - INFO - Memproses: cerita-data-statistik-untuk-indonesia---mismatch-pendidikan---pekerjaan-pemuda-indonesia--implikasi-bagi-bonus-demografi.pdf
2025-11-20 23:36:04,784 - preprocessing.pipeline - INFO - ✓ Berhasil disimpan ke: data\cleaned_text\cerita-data-statistik-untuk-indonesia---mismatch-pendidikan---pekerjaan-pemuda-indonesia--implikasi-bagi-bonus-demografi.txt
2025-11-20 23:36:04,784 - preprocessing.pipeline - INFO -   - Karakter akhir: 45889
2025-11-20 23:36:04,786 - preprocessing.pipeline - INFO - 
[4/10] Processing: direktori-industri-manufaktur-2025.pdf
2025-11-20 23:36:04,786 - preprocessing.pipeline - INFO - Memproses: direktori-industri-manufaktur-2025.pdf
2025-11-20 23:36:10,587 - preprocessing.pipeline - INFO - ✓ Berhasil disimpan ke: data\cleaned_text\direktori-industri-manufaktur-2025.txt
2025-11-20 23:36:10,587 - preprocessing.pipeline - INFO -   - Karakter akhir: 3788506
2025-11-20 23:36:10,590 - preprocessing.pipeline - INFO - 
[5/10] Processing: indeks-unit-value-ekspor-impor---agustus-2025.pdf
2025-11-20 23:36:10,590 - preprocessing.pipeline - INFO - Memproses: indeks-unit-value-ekspor-impor---agustus-2025.pdf
2025-11-20 23:36:11,060 - preprocessing.pipeline - INFO - ✓ Berhasil disimpan ke: data\cleaned_text\indeks-unit-value-ekspor-impor---agustus-2025.txt
2025-11-20 23:36:11,060 - preprocessing.pipeline - INFO -   - Karakter akhir: 51880
2025-11-20 23:36:11,061 - preprocessing.pipeline - INFO - 
[6/10] Processing: neraca-lembaga-non-profit-yang-melayani-rumahtangga--2022-2024.pdf
2025-11-20 23:36:11,062 - preprocessing.pipeline - INFO - Memproses: neraca-lembaga-non-profit-yang-melayani-rumahtangga--2022-2024.pdf
2025-11-20 23:36:12,062 - preprocessing.pipeline - INFO - ✓ Berhasil disimpan ke: data\cleaned_text\neraca-lembaga-non-profit-yang-melayani-rumahtangga--2022-2024.txt
2025-11-20 23:36:12,063 - preprocessing.pipeline - INFO -   - Karakter akhir: 176746
2025-11-20 23:36:12,064 - preprocessing.pipeline - INFO - 
[7/10] Processing: neraca-pemerintahan-umum-indonesia-2019-2024.pdf
2025-11-20 23:36:12,064 - preprocessing.pipeline - INFO - Memproses: neraca-pemerintahan-umum-indonesia-2019-2024.pdf
2025-11-20 23:36:12,705 - preprocessing.pipeline - INFO - ✓ Berhasil disimpan ke: data\cleaned_text\neraca-pemerintahan-umum-indonesia-2019-2024.txt
2025-11-20 23:36:12,706 - preprocessing.pipeline - INFO -   - Karakter akhir: 157639
2025-11-20 23:36:12,706 - preprocessing.pipeline - INFO - 
[8/10] Processing: neraca-rumah-tangga-indonesia--2022-2024.pdf
2025-11-20 23:36:12,707 - preprocessing.pipeline - INFO - Memproses: neraca-rumah-tangga-indonesia--2022-2024.pdf
2025-11-20 23:36:13,210 - preprocessing.pipeline - INFO - ✓ Berhasil disimpan ke: data\cleaned_text\neraca-rumah-tangga-indonesia--2022-2024.txt
2025-11-20 23:36:13,211 - preprocessing.pipeline - INFO -   - Karakter akhir: 170356
2025-11-20 23:36:13,212 - preprocessing.pipeline - INFO - 
[9/10] Processing: statistik-perdagangan-luar-negeri-bulanan-impor--agustus-2025.pdf
2025-11-20 23:36:13,213 - preprocessing.pipeline - INFO - Memproses: statistik-perdagangan-luar-negeri-bulanan-impor--agustus-2025.pdf
2025-11-20 23:36:16,035 - preprocessing.pipeline - INFO - ✓ Berhasil disimpan ke: data\cleaned_text\statistik-perdagangan-luar-negeri-bulanan-impor--agustus-2025.txt
2025-11-20 23:36:16,035 - preprocessing.pipeline - INFO -   - Karakter akhir: 1402891
2025-11-20 23:36:16,036 - preprocessing.pipeline - INFO - 
[10/10] Processing: statistik-perdagangan-luar-negeri-menurut-moda-transportasi--2023-dan-2024.pdf
2025-11-20 23:36:16,037 - preprocessing.pipeline - INFO - Memproses: statistik-perdagangan-luar-negeri-menurut-moda-transportasi--2023-dan-2024.pdf
2025-11-20 23:36:17,976 - preprocessing.pipeline - INFO - ✓ Berhasil disimpan ke: data\cleaned_text\statistik-perdagangan-luar-negeri-menurut-moda-transportasi--2023-dan-2024.txt
2025-11-20 23:36:17,977 - preprocessing.pipeline - INFO -   - Karakter akhir: 261475
2025-11-20 23:36:17,978 - preprocessing.pipeline - INFO - 
======================================================================
2025-11-20 23:36:17,978 - preprocessing.pipeline - INFO - Preprocessing Selesai
2025-11-20 23:36:17,978 - preprocessing.pipeline - INFO - ======================================================================
2025-11-20 23:36:17,979 - preprocessing.pipeline - INFO - Total file PDF: 10
2025-11-20 23:36:17,979 - preprocessing.pipeline - INFO - Berhasil diproses: 10
2025-11-20 23:36:17,979 - preprocessing.pipeline - INFO - Di-skip (sudah ada): 0
2025-11-20 23:36:17,980 - preprocessing.pipeline - INFO - Gagal: 0
2025-11-20 23:36:17,980 - preprocessing.pipeline - INFO - Durasi: 15.63 detik
2025-11-20 23:36:17,980 - preprocessing.pipeline - INFO - ======================================================================
